#
# There is insufficient memory for the Java Runtime Environment to continue.
# Native memory allocation (malloc) failed to allocate 1863920 bytes for Chunk::new
# Possible reasons:
#   The system is out of physical RAM or swap space
#   In 32 bit mode, the process size limit was hit
# Possible solutions:
#   Reduce memory load on the system
#   Increase physical memory or swap space
#   Check if swap backing store is full
#   Use 64 bit Java on a 64 bit OS
#   Decrease Java heap size (-Xmx/-Xms)
#   Decrease number of Java threads
#   Decrease Java thread stack sizes (-Xss)
#   Set larger code cache with -XX:ReservedCodeCacheSize=
# This output file may be truncated or incomplete.
#
#  Out of Memory Error (allocation.cpp:390), pid=208, tid=0x000000000000292c
#
# JRE version: OpenJDK Runtime Environment (8.0_152-b02) (build 1.8.0_152-release-1024-b02)
# Java VM: OpenJDK 64-Bit Server VM (25.152-b02 mixed mode windows-amd64 compressed oops)
# Failed to write core dump. Minidumps are not enabled by default on client versions of Windows
#

---------------  T H R E A D  ---------------

Current thread (0x0000000016b18800):  JavaThread "C2 CompilerThread0" daemon [_thread_in_native, id=10540, stack(0x0000000018170000,0x0000000018270000)]

Stack: [0x0000000018170000,0x0000000018270000]
[error occurred during error reporting (printing stack bounds), id 0xc0000005]

Native frames: (J=compiled Java code, j=interpreted, Vv=VM code, C=native code)


Current CompileTask:
C2:   5686 1348   !   4       java.net.URLClassLoader$1::run (63 bytes)


---------------  P R O C E S S  ---------------

Java Threads: ( => current thread )
  0x000000001c28e000 JavaThread "Cache worker for file hash cache (C:\Users\vlad\Desktop\Android studio Vlad project folder\newTut\.gradle\4.4\fileHashes)" [_thread_blocked, id=7196, stack(0x000000001d660000,0x000000001d760000)]
  0x000000001b300000 JavaThread "File lock request listener" [_thread_in_native, id=6196, stack(0x000000001c590000,0x000000001c690000)]
  0x0000000019e38800 JavaThread "Cache worker for file hash cache (C:\Users\vlad\.gradle\caches\4.4\fileHashes)" [_thread_blocked, id=6288, stack(0x000000001c490000,0x000000001c590000)]
  0x00000000199d1000 JavaThread "Stdin handler" [_thread_blocked, id=8180, stack(0x000000001b1c0000,0x000000001b2c0000)]
  0x0000000019abd000 JavaThread "Asynchronous log dispatcher for DefaultDaemonConnection: socket connection from /127.0.0.1:15249 to /127.0.0.1:15250" [_thread_blocked, id=6524, stack(0x000000001b0c0000,0x000000001b1c0000)]
  0x0000000019ab8800 JavaThread "Daemon worker" [_thread_in_vm, id=1280, stack(0x000000001afc0000,0x000000001b0c0000)]
  0x00000000199df800 JavaThread "Cancel handler" [_thread_blocked, id=11540, stack(0x000000001aec0000,0x000000001afc0000)]
  0x00000000199c2800 JavaThread "Handler for socket connection from /127.0.0.1:15249 to /127.0.0.1:15250" [_thread_in_native, id=11844, stack(0x000000001abc0000,0x000000001acc0000)]
  0x00000000199bb800 JavaThread "Daemon" [_thread_blocked, id=1060, stack(0x000000001aac0000,0x000000001abc0000)]
  0x0000000019971000 JavaThread "Daemon periodic checks" [_thread_blocked, id=6092, stack(0x000000001a9c0000,0x000000001aac0000)]
  0x0000000019992000 JavaThread "Incoming local TCP Connector on port 15249" [_thread_in_native, id=1440, stack(0x000000001a780000,0x000000001a880000)]
  0x0000000016b6e800 JavaThread "Service Thread" daemon [_thread_blocked, id=9652, stack(0x0000000018870000,0x0000000018970000)]
  0x0000000016b0e800 JavaThread "C1 CompilerThread2" daemon [_thread_blocked, id=1328, stack(0x0000000018370000,0x0000000018470000)]
  0x0000000016b0b000 JavaThread "C2 CompilerThread1" daemon [_thread_in_native, id=5236, stack(0x0000000018270000,0x0000000018370000)]
=>0x0000000016b18800 JavaThread "C2 CompilerThread0" daemon [_thread_in_native, id=10540, stack(0x0000000018170000,0x0000000018270000)]
  0x0000000016b17000 JavaThread "Attach Listener" daemon [_thread_blocked, id=12244, stack(0x0000000018070000,0x0000000018170000)]
  0x0000000016b15800 JavaThread "Signal Dispatcher" daemon [_thread_blocked, id=5976, stack(0x0000000017f70000,0x0000000018070000)]
  0x0000000003196800 JavaThread "Finalizer" daemon [_thread_blocked, id=11716, stack(0x0000000017d80000,0x0000000017e80000)]
  0x0000000003191000 JavaThread "Reference Handler" daemon [_thread_blocked, id=12000, stack(0x0000000017c80000,0x0000000017d80000)]
  0x0000000002dfd800 JavaThread "main" [_thread_blocked, id=9116, stack(0x0000000002fa0000,0x00000000030a0000)]

Other Threads:
  0x0000000016ad5800 VMThread [stack: 0x0000000017b80000,0x0000000017c80000] [id=11452]
  0x0000000018499800 WatcherThread [stack: 0x0000000018970000,0x0000000018a70000] [id=544]

VM state:not at safepoint (normal execution)

VM Mutex/Monitor currently owned by a thread: None

Heap:
 PSYoungGen      total 75776K, used 66563K [0x00000000e0000000, 0x00000000e5480000, 0x0000000100000000)
  eden space 65024K, 90% used [0x00000000e0000000,0x00000000e39a1090,0x00000000e3f80000)
  from space 10752K, 70% used [0x00000000e3f80000,0x00000000e46dfec0,0x00000000e4a00000)
  to   space 10752K, 0% used [0x00000000e4a00000,0x00000000e4a00000,0x00000000e5480000)
 ParOldGen       total 173568K, used 16K [0x00000000a0000000, 0x00000000aa980000, 0x00000000e0000000)
  object space 173568K, 0% used [0x00000000a0000000,0x00000000a0004000,0x00000000aa980000)
 Metaspace       used 16313K, capacity 16662K, committed 16896K, reserved 1062912K
  class space    used 2326K, capacity 2475K, committed 2560K, reserved 1048576K

Card table byte_map: [0x0000000012560000,0x0000000012870000] byte_map_base: 0x0000000012060000

Marking Bits: (ParMarkBitMap*) 0x0000000068be4970
 Begin Bits: [0x0000000012e70000, 0x0000000014670000)
 End Bits:   [0x0000000014670000, 0x0000000015e70000)

Polling page: 0x0000000000df0000

CodeCache: size=245760Kb used=5143Kb max_used=5143Kb free=240616Kb
 bounds [0x00000000031a0000, 0x00000000036b0000, 0x00000000121a0000]
 total_blobs=1874 nmethods=1501 adapters=286
 compilation: enabled

Compilation events (10 events):
Event: 5.653 Thread 0x0000000016b0e800 1505       3       org.objectweb.asm.ByteVector::put12 (64 bytes)
Event: 5.653 Thread 0x0000000016b0e800 nmethod 1505 0x00000000036a5090 code [0x00000000036a5200, 0x00000000036a5488]
Event: 5.653 Thread 0x0000000016b0e800 1503       3       org.objectweb.asm.Item::<init> (66 bytes)
Event: 5.653 Thread 0x0000000016b0e800 nmethod 1503 0x00000000036a5610 code [0x00000000036a5780, 0x00000000036a59b0]
Event: 5.653 Thread 0x0000000016b0e800 1506       3       org.objectweb.asm.Frame::push (110 bytes)
Event: 5.654 Thread 0x0000000016b0e800 nmethod 1506 0x00000000036a5a90 code [0x00000000036a5c20, 0x00000000036a60d8]
Event: 5.659 Thread 0x0000000016b0e800 1507       3       org.gradle.internal.service.DefaultServiceRegistry$OwnServices::add (109 bytes)
Event: 5.661 Thread 0x0000000016b0e800 nmethod 1507 0x00000000036a6290 code [0x00000000036a6560, 0x00000000036a7b88]
Event: 5.661 Thread 0x0000000016b0e800 1508       3       org.gradle.internal.service.DefaultServiceRegistry::access$1000 (5 bytes)
Event: 5.661 Thread 0x0000000016b0e800 nmethod 1508 0x00000000036a8610 code [0x00000000036a8780, 0x00000000036a88e8]

GC Heap History (2 events):
Event: 3.918 GC heap before
{Heap before GC invocations=1 (full 0):
 PSYoungGen      total 75776K, used 65024K [0x00000000e0000000, 0x00000000e5480000, 0x0000000100000000)
  eden space 65024K, 100% used [0x00000000e0000000,0x00000000e3f80000,0x00000000e3f80000)
  from space 10752K, 0% used [0x00000000e4a00000,0x00000000e4a00000,0x00000000e5480000)
  to   space 10752K, 0% used [0x00000000e3f80000,0x00000000e3f80000,0x00000000e4a00000)
 ParOldGen       total 173568K, used 0K [0x00000000a0000000, 0x00000000aa980000, 0x00000000e0000000)
  object space 173568K, 0% used [0x00000000a0000000,0x00000000a0000000,0x00000000aa980000)
 Metaspace       used 10603K, capacity 10888K, committed 11008K, reserved 1058816K
  class space    used 1395K, capacity 1518K, committed 1536K, reserved 1048576K
Event: 3.931 GC heap after
Heap after GC invocations=1 (full 0):
 PSYoungGen      total 75776K, used 7551K [0x00000000e0000000, 0x00000000e5480000, 0x0000000100000000)
  eden space 65024K, 0% used [0x00000000e0000000,0x00000000e0000000,0x00000000e3f80000)
  from space 10752K, 70% used [0x00000000e3f80000,0x00000000e46dfec0,0x00000000e4a00000)
  to   space 10752K, 0% used [0x00000000e4a00000,0x00000000e4a00000,0x00000000e5480000)
 ParOldGen       total 173568K, used 16K [0x00000000a0000000, 0x00000000aa980000, 0x00000000e0000000)
  object space 173568K, 0% used [0x00000000a0000000,0x00000000a0004000,0x00000000aa980000)
 Metaspace       used 10603K, capacity 10888K, committed 11008K, reserved 1058816K
  class space    used 1395K, capacity 1518K, committed 1536K, reserved 1048576K
}

Deoptimization events (10 events):
Event: 4.149 Thread 0x00000000199c2800 Uncommon trap: reason=unstable_if action=reinterpret pc=0x000000000353f454 method=java.util.concurrent.ConcurrentHashMap.putVal(Ljava/lang/Object;Ljava/lang/Object;Z)Ljava/lang/Object; @ 206
Event: 4.277 Thread 0x0000000019ab8800 Uncommon trap: reason=bimorphic action=maybe_recompile pc=0x00000000034d46a0 method=java.util.HashMap.putVal(ILjava/lang/Object;Ljava/lang/Object;ZZ)Ljava/lang/Object; @ 253
Event: 4.278 Thread 0x0000000019ab8800 Uncommon trap: reason=bimorphic action=maybe_recompile pc=0x00000000034d46a0 method=java.util.HashMap.putVal(ILjava/lang/Object;Ljava/lang/Object;ZZ)Ljava/lang/Object; @ 253
Event: 4.278 Thread 0x0000000019ab8800 Uncommon trap: reason=bimorphic action=maybe_recompile pc=0x00000000034dcba0 method=java.util.HashMap.putVal(ILjava/lang/Object;Ljava/lang/Object;ZZ)Ljava/lang/Object; @ 253
Event: 4.306 Thread 0x0000000019ab8800 Uncommon trap: reason=class_check action=maybe_recompile pc=0x0000000003430f58 method=java.util.regex.Matcher.match(II)Z @ 86
Event: 4.782 Thread 0x0000000019ab8800 Uncommon trap: reason=class_check action=maybe_recompile pc=0x0000000003430f58 method=java.util.regex.Matcher.match(II)Z @ 86
Event: 4.783 Thread 0x0000000019ab8800 Uncommon trap: reason=class_check action=maybe_recompile pc=0x00000000033fb81c method=java.util.regex.Matcher.match(II)Z @ 86
Event: 4.941 Thread 0x0000000019ab8800 Uncommon trap: reason=unstable_if action=reinterpret pc=0x0000000003615db4 method=java.lang.String.lastIndexOf([CII[CIII)I @ 66
Event: 5.120 Thread 0x0000000019ab8800 Uncommon trap: reason=unstable_if action=reinterpret pc=0x00000000032f8d88 method=java.net.URI.match(CJJ)Z @ 19
Event: 5.120 Thread 0x0000000019ab8800 Uncommon trap: reason=unstable_if action=reinterpret pc=0x0000000003432f40 method=java.net.URI.match(CJJ)Z @ 19

Classes redefined (0 events):
No events

Internal exceptions (10 events):
Event: 4.180 Thread 0x00000000199c2800 Exception <a 'java/lang/NoSuchMethodError': <clinit>> (0x00000000e0569350) thrown at [D:\src\AOSP-openjdk-cygwin\jdk8u\hotspot\src\share\vm\prims\jni.cpp, line 1613]
Event: 4.181 Thread 0x00000000199c2800 Exception <a 'java/lang/NoSuchMethodError': <clinit>> (0x00000000e0571e18) thrown at [D:\src\AOSP-openjdk-cygwin\jdk8u\hotspot\src\share\vm\prims\jni.cpp, line 1613]
Event: 4.183 Thread 0x00000000199c2800 Exception <a 'java/lang/NoSuchMethodError': <clinit>> (0x00000000e0583820) thrown at [D:\src\AOSP-openjdk-cygwin\jdk8u\hotspot\src\share\vm\prims\jni.cpp, line 1613]
Event: 4.204 Thread 0x00000000199c2800 Exception <a 'java/lang/NoSuchMethodError': <clinit>> (0x00000000e05e88d0) thrown at [D:\src\AOSP-openjdk-cygwin\jdk8u\hotspot\src\share\vm\prims\jni.cpp, line 1613]
Event: 4.212 Thread 0x00000000199c2800 Exception <a 'java/lang/NoSuchMethodError': <clinit>> (0x00000000e060bfd8) thrown at [D:\src\AOSP-openjdk-cygwin\jdk8u\hotspot\src\share\vm\prims\jni.cpp, line 1613]
Event: 4.223 Thread 0x00000000199c2800 Exception <a 'java/lang/NoSuchMethodError': <clinit>> (0x00000000e0635f80) thrown at [D:\src\AOSP-openjdk-cygwin\jdk8u\hotspot\src\share\vm\prims\jni.cpp, line 1613]
Event: 4.226 Thread 0x00000000199c2800 Exception <a 'java/lang/NoSuchMethodError': <clinit>> (0x00000000e0643af8) thrown at [D:\src\AOSP-openjdk-cygwin\jdk8u\hotspot\src\share\vm\prims\jni.cpp, line 1613]
Event: 4.231 Thread 0x00000000199c2800 Exception <a 'java/lang/NoSuchMethodError': <clinit>> (0x00000000e06673c8) thrown at [D:\src\AOSP-openjdk-cygwin\jdk8u\hotspot\src\share\vm\prims\jni.cpp, line 1613]
Event: 4.258 Thread 0x0000000019ab8800 Exception <a 'java/lang/NoSuchMethodError': <clinit>> (0x00000000e07390a8) thrown at [D:\src\AOSP-openjdk-cygwin\jdk8u\hotspot\src\share\vm\prims\jni.cpp, line 1613]
Event: 4.259 Thread 0x0000000019ab8800 Exception <a 'java/lang/NoSuchMethodError': <clinit>> (0x00000000e0741330) thrown at [D:\src\AOSP-openjdk-cygwin\jdk8u\hotspot\src\share\vm\prims\jni.cpp, line 1613]

Events (10 events):
Event: 5.677 loading class org/gradle/language/java/artifact/JavadocArtifact
Event: 5.677 loading class org/gradle/language/java/artifact/JavadocArtifact done
Event: 5.678 loading class org/gradle/language/nativeplatform/internal/incremental/DefaultCompilationStateCacheFactory
Event: 5.678 loading class org/gradle/language/nativeplatform/internal/incremental/DefaultCompilationStateCacheFactory done
Event: 5.679 loading class org/gradle/language/nativeplatform/internal/incremental/CompilationStateCacheFactory
Event: 5.679 loading class org/gradle/language/nativeplatform/internal/incremental/CompilationStateCacheFactory done
Event: 5.680 loading class org/gradle/language/nativeplatform/internal/incremental/sourceparser/CachingCSourceParser
Event: 5.680 loading class org/gradle/language/nativeplatform/internal/incremental/sourceparser/CachingCSourceParser done
Event: 5.681 loading class org/gradle/language/nativeplatform/internal/incremental/sourceparser/CSourceParser
Event: 5.681 loading class org/gradle/language/nativeplatform/internal/incremental/sourceparser/CSourceParser done


Dynamic libraries:
0x00007ff71c950000 - 0x00007ff71c981000 	C:\Program Files\Android\Android Studio\jre\bin\java.exe
0x00007ffe01d20000 - 0x00007ffe01f01000 	C:\WINDOWS\SYSTEM32\ntdll.dll
0x00007ffe014d0000 - 0x00007ffe01582000 	C:\WINDOWS\System32\KERNEL32.DLL
0x00007ffdfee60000 - 0x00007ffdff0d3000 	C:\WINDOWS\System32\KERNELBASE.dll
0x00007ffe01750000 - 0x00007ffe017f1000 	C:\WINDOWS\System32\ADVAPI32.dll
0x00007ffe01c50000 - 0x00007ffe01cee000 	C:\WINDOWS\System32\msvcrt.dll
0x00007ffe00d90000 - 0x00007ffe00deb000 	C:\WINDOWS\System32\sechost.dll
0x00007ffe007a0000 - 0x00007ffe008c4000 	C:\WINDOWS\System32\RPCRT4.dll
0x00007ffe012c0000 - 0x00007ffe01450000 	C:\WINDOWS\System32\USER32.dll
0x00007ffdff130000 - 0x00007ffdff150000 	C:\WINDOWS\System32\win32u.dll
0x00007ffe00cf0000 - 0x00007ffe00d18000 	C:\WINDOWS\System32\GDI32.dll
0x00007ffdfebc0000 - 0x00007ffdfed52000 	C:\WINDOWS\System32\gdi32full.dll
0x00007ffdfe2e0000 - 0x00007ffdfe37f000 	C:\WINDOWS\System32\msvcp_win.dll
0x00007ffdfed60000 - 0x00007ffdfee5a000 	C:\WINDOWS\System32\ucrtbase.dll
0x00007ffdeb0d0000 - 0x00007ffdeb339000 	C:\WINDOWS\WinSxS\amd64_microsoft.windows.common-controls_6595b64144ccf1df_6.0.17134.285_none_fb4297e330656775\COMCTL32.dll
0x00007ffe00df0000 - 0x00007ffe01113000 	C:\WINDOWS\System32\combase.dll
0x00007ffdfe430000 - 0x00007ffdfe4aa000 	C:\WINDOWS\System32\bcryptPrimitives.dll
0x00007ffe00cc0000 - 0x00007ffe00ced000 	C:\WINDOWS\System32\IMM32.DLL
0x0000000068340000 - 0x0000000068412000 	C:\Program Files\Android\Android Studio\jre\jre\bin\msvcr100.dll
0x0000000068420000 - 0x0000000068c5f000 	C:\Program Files\Android\Android Studio\jre\jre\bin\server\jvm.dll
0x00007ffe01690000 - 0x00007ffe01698000 	C:\WINDOWS\System32\PSAPI.DLL
0x00007ffdfc2c0000 - 0x00007ffdfc2e3000 	C:\WINDOWS\SYSTEM32\WINMM.dll
0x00007ffdf6860000 - 0x00007ffdf686a000 	C:\WINDOWS\SYSTEM32\VERSION.dll
0x00007ffdfc290000 - 0x00007ffdfc2ba000 	C:\WINDOWS\SYSTEM32\winmmbase.dll
0x00007ffdff0e0000 - 0x00007ffdff129000 	C:\WINDOWS\System32\cfgmgr32.dll
0x00007ffdc3500000 - 0x00007ffdc3509000 	C:\WINDOWS\SYSTEM32\WSOCK32.dll
0x00007ffe00930000 - 0x00007ffe0099c000 	C:\WINDOWS\System32\WS2_32.dll
0x00007ffdfa0f0000 - 0x00007ffdfa0ff000 	C:\Program Files\Android\Android Studio\jre\jre\bin\verify.dll
0x00007ffdfa0c0000 - 0x00007ffdfa0e9000 	C:\Program Files\Android\Android Studio\jre\jre\bin\java.dll
0x00007ffdf9de0000 - 0x00007ffdf9df6000 	C:\Program Files\Android\Android Studio\jre\jre\bin\zip.dll
0x00007ffdff1b0000 - 0x00007ffe005f0000 	C:\WINDOWS\System32\SHELL32.dll
0x00007ffe016a0000 - 0x00007ffe01749000 	C:\WINDOWS\System32\shcore.dll
0x00007ffdfe4b0000 - 0x00007ffdfebbd000 	C:\WINDOWS\System32\windows.storage.dll
0x00007ffe00d20000 - 0x00007ffe00d71000 	C:\WINDOWS\System32\shlwapi.dll
0x00007ffdfe0d0000 - 0x00007ffdfe0e1000 	C:\WINDOWS\System32\kernel.appcore.dll
0x00007ffdfe080000 - 0x00007ffdfe09f000 	C:\WINDOWS\System32\profapi.dll
0x00007ffdfe030000 - 0x00007ffdfe07c000 	C:\WINDOWS\System32\powrprof.dll
0x00007ffdfe0a0000 - 0x00007ffdfe0aa000 	C:\WINDOWS\System32\FLTLIB.DLL
0x00007ffdf9650000 - 0x00007ffdf966a000 	C:\Program Files\Android\Android Studio\jre\jre\bin\net.dll
0x00007ffdfd8b0000 - 0x00007ffdfd916000 	C:\WINDOWS\system32\mswsock.dll
0x00007ffdf42b0000 - 0x00007ffdf42c1000 	C:\Program Files\Android\Android Studio\jre\jre\bin\nio.dll
0x00007ffdf04e0000 - 0x00007ffdf04fe000 	C:\Users\vlad\.gradle\native\25\windows-amd64\native-platform.dll
0x00007ffdf95b0000 - 0x00007ffdf95bd000 	C:\Program Files\Android\Android Studio\jre\jre\bin\management.dll
0x00007ffdfda60000 - 0x00007ffdfda77000 	C:\WINDOWS\SYSTEM32\CRYPTSP.dll
0x00007ffdfd490000 - 0x00007ffdfd4c3000 	C:\WINDOWS\system32\rsaenh.dll
0x00007ffdfdb90000 - 0x00007ffdfdbb5000 	C:\WINDOWS\SYSTEM32\bcrypt.dll
0x00007ffdfdf60000 - 0x00007ffdfdf88000 	C:\WINDOWS\SYSTEM32\USERENV.dll
0x00007ffdfda80000 - 0x00007ffdfda8b000 	C:\WINDOWS\SYSTEM32\CRYPTBASE.dll
0x00007ffdfd630000 - 0x00007ffdfd668000 	C:\WINDOWS\SYSTEM32\IPHLPAPI.DLL
0x00007ffe00790000 - 0x00007ffe00798000 	C:\WINDOWS\System32\NSI.dll
0x00007ffdf6a20000 - 0x00007ffdf6a36000 	C:\WINDOWS\SYSTEM32\dhcpcsvc6.DLL
0x00007ffdf8100000 - 0x00007ffdf811a000 	C:\WINDOWS\SYSTEM32\dhcpcsvc.DLL

VM Arguments:
jvm_args: -Xmx1536m -Dfile.encoding=windows-1252 -Duser.country=US -Duser.language=en -Duser.variant 
java_command: org.gradle.launcher.daemon.bootstrap.GradleDaemon 4.4
java_class_path (initial): C:\Users\vlad\.gradle\wrapper\dists\gradle-4.4-all\9br9xq1tocpiv8o6njlyu5op1\gradle-4.4\lib\gradle-launcher-4.4.jar
Launcher Type: SUN_STANDARD

Environment Variables:
PATH=C:\ProgramData\Oracle\Java\javapath;C:\WINDOWS\system32;C:\WINDOWS;C:\WINDOWS\System32\Wbem;C:\WINDOWS\System32\WindowsPowerShell\v1.0\;C:\Program Files (x86)\Microsoft SQL Server\100\Tools\Binn\;C:\Program Files\Microsoft SQL Server\100\Tools\Binn\;C:\Program Files\Microsoft SQL Server\100\DTS\Binn\;C:\Program Files (x86)\Windows Live\Shared;C:\WINDOWS\System32\OpenSSH\;C:\Program Files(x86)\Java\jre1.8.0_101\bin;C:\Users\vlad\AppData\Local\Microsoft\WindowsApps;
USERNAME=vlad
OS=Windows_NT
PROCESSOR_IDENTIFIER=Intel64 Family 6 Model 58 Stepping 9, GenuineIntel



---------------  S Y S T E M  ---------------

OS: Windows 10.0 , 64 bit Build 17134 (10.0.17134.1)

CPU:total 4 (initial active 4) (2 cores per cpu, 2 threads per core) family 6 model 58 stepping 9, cmov, cx8, fxsr, mmx, sse, sse2, sse3, ssse3, sse4.1, sse4.2, popcnt, avx, aes, clmul, erms, ht, tsc, tscinvbit, tscinv

Memory: 4k page, physical 16640520k(1742576k free), swap 16640520k(5876k free)

vm_info: OpenJDK 64-Bit Server VM (25.152-b02) for windows-amd64 JRE (1.8.0_152-release-1024-b02), built by "builder" with MS VC++ 10.0 (VS2010)

time: Sat Sep 22 15:12:36 2018
elapsed time: 5 seconds (0d 0h 0m 5s)

